2024-09-23T07:21:19.546+05:30  INFO 56580 --- [StudentManagement] [main] c.s.s.StudentManagementApplication       : Starting StudentManagementApplication using Java 22.0.2 with PID 56580 (D:\users\senthil\assignment\StudentManagement\target\classes started by Liya Sen in D:\users\senthil\assignment\StudentManagement)
2024-09-23T07:21:19.555+05:30  INFO 56580 --- [StudentManagement] [main] c.s.s.StudentManagementApplication       : No active profile set, falling back to 1 default profile: "default"
2024-09-23T07:21:20.039+05:30  INFO 56580 --- [StudentManagement] [main] .s.d.r.c.RepositoryConfigurationDelegate : Bootstrapping Spring Data JPA repositories in DEFAULT mode.
2024-09-23T07:21:20.085+05:30  INFO 56580 --- [StudentManagement] [main] .s.d.r.c.RepositoryConfigurationDelegate : Finished Spring Data repository scanning in 40 ms. Found 1 JPA repository interface.
2024-09-23T07:21:20.461+05:30  INFO 56580 --- [StudentManagement] [main] o.s.b.w.embedded.tomcat.TomcatWebServer  : Tomcat initialized with port 8080 (http)
2024-09-23T07:21:20.471+05:30  INFO 56580 --- [StudentManagement] [main] o.apache.catalina.core.StandardService   : Starting service [Tomcat]
2024-09-23T07:21:20.471+05:30  INFO 56580 --- [StudentManagement] [main] o.apache.catalina.core.StandardEngine    : Starting Servlet engine: [Apache Tomcat/10.1.30]
2024-09-23T07:21:20.513+05:30  INFO 56580 --- [StudentManagement] [main] o.a.c.c.C.[Tomcat].[localhost].[/]       : Initializing Spring embedded WebApplicationContext
2024-09-23T07:21:20.513+05:30  INFO 56580 --- [StudentManagement] [main] w.s.c.ServletWebServerApplicationContext : Root WebApplicationContext: initialization completed in 926 ms
2024-09-23T07:21:20.534+05:30  INFO 56580 --- [StudentManagement] [main] com.zaxxer.hikari.HikariDataSource       : HikariPool-1 - Starting...
2024-09-23T07:21:20.666+05:30  INFO 56580 --- [StudentManagement] [main] com.zaxxer.hikari.pool.HikariPool        : HikariPool-1 - Added connection conn0: url=jdbc:h2:mem:testdb user=SA
2024-09-23T07:21:20.667+05:30  INFO 56580 --- [StudentManagement] [main] com.zaxxer.hikari.HikariDataSource       : HikariPool-1 - Start completed.
2024-09-23T07:21:20.678+05:30  INFO 56580 --- [StudentManagement] [main] o.s.b.a.h2.H2ConsoleAutoConfiguration    : H2 console available at '/h2-console'. Database available at 'jdbc:h2:mem:testdb'
2024-09-23T07:21:20.762+05:30  INFO 56580 --- [StudentManagement] [main] o.hibernate.jpa.internal.util.LogHelper  : HHH000204: Processing PersistenceUnitInfo [name: default]
2024-09-23T07:21:20.794+05:30  INFO 56580 --- [StudentManagement] [main] org.hibernate.Version                    : HHH000412: Hibernate ORM core version 6.5.3.Final
2024-09-23T07:21:20.815+05:30  INFO 56580 --- [StudentManagement] [main] o.h.c.internal.RegionFactoryInitiator    : HHH000026: Second-level cache disabled
2024-09-23T07:21:21.023+05:30  INFO 56580 --- [StudentManagement] [main] o.s.o.j.p.SpringPersistenceUnitInfo      : No LoadTimeWeaver setup: ignoring JPA class transformer
2024-09-23T07:21:21.631+05:30  INFO 56580 --- [StudentManagement] [main] o.h.e.t.j.p.i.JtaPlatformInitiator       : HHH000489: No JTA platform available (set 'hibernate.transaction.jta.platform' to enable JTA platform integration)
2024-09-23T07:21:21.657+05:30  INFO 56580 --- [StudentManagement] [main] j.LocalContainerEntityManagerFactoryBean : Initialized JPA EntityManagerFactory for persistence unit 'default'
2024-09-23T07:21:21.890+05:30  WARN 56580 --- [StudentManagement] [main] JpaBaseConfiguration$JpaWebConfiguration : spring.jpa.open-in-view is enabled by default. Therefore, database queries may be performed during view rendering. Explicitly configure spring.jpa.open-in-view to disable this warning
2024-09-23T07:21:22.254+05:30  INFO 56580 --- [StudentManagement] [main] o.s.b.w.embedded.tomcat.TomcatWebServer  : Tomcat started on port 8080 (http) with context path '/'
2024-09-23T07:21:22.260+05:30  INFO 56580 --- [StudentManagement] [main] c.s.s.StudentManagementApplication       : Started StudentManagementApplication in 3.002 seconds (process running for 3.571)
2024-09-23T07:22:06.659+05:30  INFO 56580 --- [StudentManagement] [http-nio-8080-exec-3] o.a.c.c.C.[Tomcat].[localhost].[/]       : Initializing Spring DispatcherServlet 'dispatcherServlet'
2024-09-23T07:22:06.660+05:30  INFO 56580 --- [StudentManagement] [http-nio-8080-exec-3] o.s.web.servlet.DispatcherServlet        : Initializing Servlet 'dispatcherServlet'
2024-09-23T07:22:06.663+05:30  INFO 56580 --- [StudentManagement] [http-nio-8080-exec-3] o.s.web.servlet.DispatcherServlet        : Completed initialization in 3 ms
2024-09-23T07:22:06.806+05:30  INFO 56580 --- [StudentManagement] [http-nio-8080-exec-3] c.skiply.student.service.StudentService  : Saving student: John Doe
2024-09-23T07:24:07.436+05:30  INFO 56580 --- [StudentManagement] [RMI TCP Connection(6)-127.0.0.1] inMXBeanRegistrar$SpringApplicationAdmin : Application shutdown requested.
2024-09-23T07:24:07.451+05:30  INFO 56580 --- [StudentManagement] [RMI TCP Connection(6)-127.0.0.1] j.LocalContainerEntityManagerFactoryBean : Closing JPA EntityManagerFactory for persistence unit 'default'
2024-09-23T07:24:07.455+05:30  INFO 56580 --- [StudentManagement] [RMI TCP Connection(6)-127.0.0.1] com.zaxxer.hikari.HikariDataSource       : HikariPool-1 - Shutdown initiated...
2024-09-23T07:24:07.457+05:30  INFO 56580 --- [StudentManagement] [RMI TCP Connection(6)-127.0.0.1] com.zaxxer.hikari.HikariDataSource       : HikariPool-1 - Shutdown completed.
2024-09-23T07:27:13.040+05:30  INFO 87288 --- [StudentManagement] [main] c.s.s.StudentManagementApplication       : Starting StudentManagementApplication using Java 22.0.2 with PID 87288 (D:\users\senthil\assignment\StudentManagement\target\classes started by Liya Sen in D:\users\senthil\assignment\StudentManagement)
2024-09-23T07:27:13.043+05:30  INFO 87288 --- [StudentManagement] [main] c.s.s.StudentManagementApplication       : No active profile set, falling back to 1 default profile: "default"
2024-09-23T07:27:13.522+05:30  INFO 87288 --- [StudentManagement] [main] .s.d.r.c.RepositoryConfigurationDelegate : Bootstrapping Spring Data JPA repositories in DEFAULT mode.
2024-09-23T07:27:13.564+05:30  INFO 87288 --- [StudentManagement] [main] .s.d.r.c.RepositoryConfigurationDelegate : Finished Spring Data repository scanning in 35 ms. Found 1 JPA repository interface.
2024-09-23T07:27:13.924+05:30  INFO 87288 --- [StudentManagement] [main] o.s.b.w.embedded.tomcat.TomcatWebServer  : Tomcat initialized with port 8080 (http)
2024-09-23T07:27:13.937+05:30  INFO 87288 --- [StudentManagement] [main] o.apache.catalina.core.StandardService   : Starting service [Tomcat]
2024-09-23T07:27:13.937+05:30  INFO 87288 --- [StudentManagement] [main] o.apache.catalina.core.StandardEngine    : Starting Servlet engine: [Apache Tomcat/10.1.30]
2024-09-23T07:27:14.000+05:30  INFO 87288 --- [StudentManagement] [main] o.a.c.c.C.[Tomcat].[localhost].[/]       : Initializing Spring embedded WebApplicationContext
2024-09-23T07:27:14.000+05:30  INFO 87288 --- [StudentManagement] [main] w.s.c.ServletWebServerApplicationContext : Root WebApplicationContext: initialization completed in 929 ms
2024-09-23T07:27:14.022+05:30  INFO 87288 --- [StudentManagement] [main] com.zaxxer.hikari.HikariDataSource       : HikariPool-1 - Starting...
2024-09-23T07:27:14.154+05:30  INFO 87288 --- [StudentManagement] [main] com.zaxxer.hikari.pool.HikariPool        : HikariPool-1 - Added connection conn0: url=jdbc:h2:mem:testdb user=SA
2024-09-23T07:27:14.156+05:30  INFO 87288 --- [StudentManagement] [main] com.zaxxer.hikari.HikariDataSource       : HikariPool-1 - Start completed.
2024-09-23T07:27:14.166+05:30  INFO 87288 --- [StudentManagement] [main] o.s.b.a.h2.H2ConsoleAutoConfiguration    : H2 console available at '/h2-console'. Database available at 'jdbc:h2:mem:testdb'
2024-09-23T07:27:14.258+05:30  INFO 87288 --- [StudentManagement] [main] o.hibernate.jpa.internal.util.LogHelper  : HHH000204: Processing PersistenceUnitInfo [name: default]
2024-09-23T07:27:14.291+05:30  INFO 87288 --- [StudentManagement] [main] org.hibernate.Version                    : HHH000412: Hibernate ORM core version 6.5.3.Final
2024-09-23T07:27:14.313+05:30  INFO 87288 --- [StudentManagement] [main] o.h.c.internal.RegionFactoryInitiator    : HHH000026: Second-level cache disabled
2024-09-23T07:27:14.546+05:30  INFO 87288 --- [StudentManagement] [main] o.s.o.j.p.SpringPersistenceUnitInfo      : No LoadTimeWeaver setup: ignoring JPA class transformer
2024-09-23T07:27:15.110+05:30  INFO 87288 --- [StudentManagement] [main] o.h.e.t.j.p.i.JtaPlatformInitiator       : HHH000489: No JTA platform available (set 'hibernate.transaction.jta.platform' to enable JTA platform integration)
2024-09-23T07:27:15.137+05:30  INFO 87288 --- [StudentManagement] [main] j.LocalContainerEntityManagerFactoryBean : Initialized JPA EntityManagerFactory for persistence unit 'default'
2024-09-23T07:27:15.378+05:30  WARN 87288 --- [StudentManagement] [main] JpaBaseConfiguration$JpaWebConfiguration : spring.jpa.open-in-view is enabled by default. Therefore, database queries may be performed during view rendering. Explicitly configure spring.jpa.open-in-view to disable this warning
2024-09-23T07:27:15.705+05:30  INFO 87288 --- [StudentManagement] [main] o.s.b.w.embedded.tomcat.TomcatWebServer  : Tomcat started on port 8080 (http) with context path '/'
2024-09-23T07:27:15.714+05:30  INFO 87288 --- [StudentManagement] [main] c.s.s.StudentManagementApplication       : Started StudentManagementApplication in 2.944 seconds (process running for 3.515)
2024-09-23T07:27:41.466+05:30  INFO 87288 --- [StudentManagement] [http-nio-8080-exec-2] o.a.c.c.C.[Tomcat].[localhost].[/]       : Initializing Spring DispatcherServlet 'dispatcherServlet'
2024-09-23T07:27:41.467+05:30  INFO 87288 --- [StudentManagement] [http-nio-8080-exec-2] o.s.web.servlet.DispatcherServlet        : Initializing Servlet 'dispatcherServlet'
2024-09-23T07:27:41.471+05:30  INFO 87288 --- [StudentManagement] [http-nio-8080-exec-2] o.s.web.servlet.DispatcherServlet        : Completed initialization in 2 ms
2024-09-23T07:27:41.516+05:30  INFO 87288 --- [StudentManagement] [http-nio-8080-exec-2] c.skiply.student.service.StudentService  : Fetching student with ID: 102
2024-09-23T07:27:53.190+05:30  INFO 87288 --- [StudentManagement] [http-nio-8080-exec-1] c.skiply.student.service.StudentService  : Saving student: John Doe
2024-09-23T07:28:12.001+05:30  INFO 87288 --- [StudentManagement] [http-nio-8080-exec-3] c.skiply.student.service.StudentService  : Fetching student with ID: 102
2024-09-23T07:28:20.129+05:30  INFO 87288 --- [StudentManagement] [http-nio-8080-exec-6] c.skiply.student.service.StudentService  : Fetching student with ID: 102
2024-09-23T07:28:34.903+05:30  INFO 87288 --- [StudentManagement] [RMI TCP Connection(5)-127.0.0.1] inMXBeanRegistrar$SpringApplicationAdmin : Application shutdown requested.
2024-09-23T07:28:34.915+05:30  INFO 87288 --- [StudentManagement] [RMI TCP Connection(5)-127.0.0.1] j.LocalContainerEntityManagerFactoryBean : Closing JPA EntityManagerFactory for persistence unit 'default'
2024-09-23T07:28:34.918+05:30  INFO 87288 --- [StudentManagement] [RMI TCP Connection(5)-127.0.0.1] com.zaxxer.hikari.HikariDataSource       : HikariPool-1 - Shutdown initiated...
2024-09-23T07:28:34.920+05:30  INFO 87288 --- [StudentManagement] [RMI TCP Connection(5)-127.0.0.1] com.zaxxer.hikari.HikariDataSource       : HikariPool-1 - Shutdown completed.
